<?xml version="1.0" encoding="UTF-8"?>
<testng-results skipped="0" failed="0" ignored="0" total="1" passed="1">
  <reporter-output>
  </reporter-output>
  <suite name="Default suite" duration-ms="9908" started-at="2017-09-29T17:44:49Z" finished-at="2017-09-29T17:44:58Z">
    <groups>
    </groups>
    <test name="Default test" duration-ms="9908" started-at="2017-09-29T17:44:49Z" finished-at="2017-09-29T17:44:58Z">
      <class name="Firstpackage.FirstClass">
        <test-method status="PASS" signature="testJenkins()[pri:0, instance:Firstpackage.FirstClass@26be92ad]" name="testJenkins" duration-ms="9878" started-at="2017-09-29T12:44:49Z" finished-at="2017-09-29T12:44:58Z">
          <reporter-output>
          </reporter-output>
        </test-method> <!-- testJenkins -->
      </class> <!-- Firstpackage.FirstClass -->
    </test> <!-- Default test -->
  </suite> <!-- Default suite -->
</testng-results>
